# JRE version: Java(TM) SE Runtime Environment (8.0_51-b16) (build 1.8.0_51-b16)
# Java VM: Java HotSpot(TM) 64-Bit Server VM (25.51-b03 mixed mode windows-amd64 compressed oops)
Heap:
 PSYoungGen      total 250368K, used 25222K [0x0000000780700000, 0x0000000796b80000, 0x00000007c0000000)
  eden space 144896K, 9% used [0x0000000780700000,0x0000000781451aa0,0x0000000789480000)
  from space 105472K, 10% used [0x0000000789480000,0x0000000789fd0010,0x000000078fb80000)
  to   space 103936K, 0% used [0x0000000790600000,0x0000000790600000,0x0000000796b80000)
 ParOldGen       total 261120K, used 114844K [0x0000000701400000, 0x0000000711300000, 0x0000000780700000)
  object space 261120K, 43% used [0x0000000701400000,0x00000007084270b8,0x0000000711300000)
 Metaspace       used 14829K, capacity 15079K, committed 15360K, reserved 1062912K
  class space    used 1363K, capacity 1436K, committed 1536K, reserved 1048576K
GC Heap History (10 events):
Event: 2.121 GC heap before
{Heap before GC invocations=7 (full 2):
 PSYoungGen      total 106496K, used 98200K [0x0000000780700000, 0x0000000789c00000, 0x00000007c0000000)
  eden space 98304K, 99% used [0x0000000780700000,0x00000007866e6188,0x0000000786700000)
  from space 8192K, 0% used [0x0000000786f00000,0x0000000786f00000,0x0000000787700000)
  to   space 8192K, 0% used [0x0000000786700000,0x0000000786700000,0x0000000786f00000)
 ParOldGen       total 261120K, used 40756K [0x0000000701400000, 0x0000000711300000, 0x0000000780700000)
  object space 261120K, 15% used [0x0000000701400000,0x0000000703bcd088,0x0000000711300000)
 Metaspace       used 11556K, capacity 11759K, committed 11904K, reserved 1060864K
  class space    used 1020K, capacity 1096K, committed 1152K, reserved 1048576K
Event: 2.189 GC heap after
Heap after GC invocations=7 (full 2):
 PSYoungGen      total 106496K, used 8160K [0x0000000780700000, 0x0000000796400000, 0x00000007c0000000)
  eden space 98304K, 0% used [0x0000000780700000,0x0000000780700000,0x0000000786700000)
  from space 8192K, 99% used [0x0000000786700000,0x0000000786ef8010,0x0000000786f00000)
  to   space 114176K, 0% used [0x000000078f480000,0x000000078f480000,0x0000000796400000)
 ParOldGen       total 261120K, used 114812K [0x0000000701400000, 0x0000000711300000, 0x0000000780700000)
  object space 261120K, 43% used [0x0000000701400000,0x000000070841f0b8,0x0000000711300000)
 Metaspace       used 11556K, capacity 11759K, committed 11904K, reserved 1060864K
  class space    used 1020K, capacity 1096K, committed 1152K, reserved 1048576K
}
Event: 2.605 GC heap before
{Heap before GC invocations=8 (full 2):
 PSYoungGen      total 106496K, used 106464K [0x0000000780700000, 0x0000000796400000, 0x00000007c0000000)
  eden space 98304K, 100% used [0x0000000780700000,0x0000000786700000,0x0000000786700000)
  from space 8192K, 99% used [0x0000000786700000,0x0000000786ef8010,0x0000000786f00000)
  to   space 114176K, 0% used [0x000000078f480000,0x000000078f480000,0x0000000796400000)
 ParOldGen       total 261120K, used 114812K [0x0000000701400000, 0x0000000711300000, 0x0000000780700000)
  object space 261120K, 43% used [0x0000000701400000,0x000000070841f0b8,0x0000000711300000)
 Metaspace       used 14074K, capacity 14345K, committed 14464K, reserved 1062912K
  class space    used 1305K, capacity 1367K, committed 1408K, reserved 1048576K
Event: 2.608 GC heap after
Heap after GC invocations=8 (full 2):
 PSYoungGen      total 231936K, used 1312K [0x0000000780700000, 0x0000000795e00000, 0x00000007c0000000)
  eden space 123904K, 0% used [0x0000000780700000,0x0000000780700000,0x0000000788000000)
  from space 108032K, 1% used [0x000000078f480000,0x000000078f5c8010,0x0000000795e00000)
  to   space 113664K, 0% used [0x0000000788000000,0x0000000788000000,0x000000078ef00000)
 ParOldGen       total 261120K, used 114820K [0x0000000701400000, 0x0000000711300000, 0x0000000780700000)
  object space 261120K, 43% used [0x0000000701400000,0x00000007084210b8,0x0000000711300000)
 Metaspace       used 14074K, capacity 14345K, committed 14464K, reserved 1062912K
  class space    used 1305K, capacity 1367K, committed 1408K, reserved 1048576K
}
Event: 7.270 GC heap before
{Heap before GC invocations=9 (full 2):
 PSYoungGen      total 231936K, used 125216K [0x0000000780700000, 0x0000000795e00000, 0x00000007c0000000)
  eden space 123904K, 100% used [0x0000000780700000,0x0000000788000000,0x0000000788000000)
  from space 108032K, 1% used [0x000000078f480000,0x000000078f5c8010,0x0000000795e00000)
  to   space 113664K, 0% used [0x0000000788000000,0x0000000788000000,0x000000078ef00000)
 ParOldGen       total 261120K, used 114820K [0x0000000701400000, 0x0000000711300000, 0x0000000780700000)
  object space 261120K, 43% used [0x0000000701400000,0x00000007084210b8,0x0000000711300000)
 Metaspace       used 14458K, capacity 14727K, committed 14976K, reserved 1062912K
  class space    used 1326K, capacity 1404K, committed 1408K, reserved 1048576K
Event: 7.280 GC heap after
Heap after GC invocations=9 (full 2):
 PSYoungGen      total 237568K, used 41888K [0x0000000780700000, 0x0000000796600000, 0x00000007c0000000)
  eden space 123904K, 0% used [0x0000000780700000,0x0000000780700000,0x0000000788000000)
  from space 113664K, 36% used [0x0000000788000000,0x000000078a8e8040,0x000000078ef00000)
  to   space 104960K, 0% used [0x000000078ff80000,0x000000078ff80000,0x0000000796600000)
 ParOldGen       total 261120K, used 114828K [0x0000000701400000, 0x0000000711300000, 0x0000000780700000)
  object space 261120K, 43% used [0x0000000701400000,0x00000007084230b8,0x0000000711300000)
 Metaspace       used 14458K, capacity 14727K, committed 14976K, reserved 1062912K
  class space    used 1326K, capacity 1404K, committed 1408K, reserved 1048576K
}
Event: 8.856 GC heap before
{Heap before GC invocations=10 (full 2):
 PSYoungGen      total 237568K, used 165792K [0x0000000780700000, 0x0000000796600000, 0x00000007c0000000)
  eden space 123904K, 100% used [0x0000000780700000,0x0000000788000000,0x0000000788000000)
  from space 113664K, 36% used [0x0000000788000000,0x000000078a8e8040,0x000000078ef00000)
  to   space 104960K, 0% used [0x000000078ff80000,0x000000078ff80000,0x0000000796600000)
 ParOldGen       total 261120K, used 114828K [0x0000000701400000, 0x0000000711300000, 0x0000000780700000)
  object space 261120K, 43% used [0x0000000701400000,0x00000007084230b8,0x0000000711300000)
 Metaspace       used 14467K, capacity 14727K, committed 14976K, reserved 1062912K
  class space    used 1326K, capacity 1404K, committed 1408K, reserved 1048576K
Event: 8.870 GC heap after
Heap after GC invocations=10 (full 2):
 PSYoungGen      total 246272K, used 57376K [0x0000000780700000, 0x0000000796280000, 0x00000007c0000000)
  eden space 144896K, 0% used [0x0000000780700000,0x0000000780700000,0x0000000789480000)
  from space 101376K, 56% used [0x000000078ff80000,0x0000000793788040,0x0000000796280000)
  to   space 105472K, 0% used [0x0000000789480000,0x0000000789480000,0x000000078fb80000)
 ParOldGen       total 261120K, used 114836K [0x0000000701400000, 0x0000000711300000, 0x0000000780700000)
  object space 261120K, 43% used [0x0000000701400000,0x00000007084250b8,0x0000000711300000)
 Metaspace       used 14467K, capacity 14727K, committed 14976K, reserved 1062912K
  class space    used 1326K, capacity 1404K, committed 1408K, reserved 1048576K
}
Event: 9.563 GC heap before
{Heap before GC invocations=11 (full 2):
 PSYoungGen      total 246272K, used 202272K [0x0000000780700000, 0x0000000796280000, 0x00000007c0000000)
  eden space 144896K, 100% used [0x0000000780700000,0x0000000789480000,0x0000000789480000)
  from space 101376K, 56% used [0x000000078ff80000,0x0000000793788040,0x0000000796280000)
  to   space 105472K, 0% used [0x0000000789480000,0x0000000789480000,0x000000078fb80000)
 ParOldGen       total 261120K, used 114836K [0x0000000701400000, 0x0000000711300000, 0x0000000780700000)
  object space 261120K, 43% used [0x0000000701400000,0x00000007084250b8,0x0000000711300000)
 Metaspace       used 14628K, capacity 14919K, committed 14976K, reserved 1062912K
  class space    used 1339K, capacity 1404K, committed 1408K, reserved 1048576K
Event: 9.568 GC heap after
Heap after GC invocations=11 (full 2):
 PSYoungGen      total 250368K, used 11584K [0x0000000780700000, 0x0000000796b80000, 0x00000007c0000000)
  eden space 144896K, 0% used [0x0000000780700000,0x0000000780700000,0x0000000789480000)
  from space 105472K, 10% used [0x0000000789480000,0x0000000789fd0010,0x000000078fb80000)
  to   space 103936K, 0% used [0x0000000790600000,0x0000000790600000,0x0000000796b80000)
 ParOldGen       total 261120K, used 114844K [0x0000000701400000, 0x0000000711300000, 0x0000000780700000)
  object space 261120K, 43% used [0x0000000701400000,0x00000007084270b8,0x0000000711300000)
 Metaspace       used 14628K, capacity 14919K, committed 14976K, reserved 1062912K
  class space    used 1339K, capacity 1404K, committed 1408K, reserved 1048576K
}

